UG to STEP
! INFO-     NX STEP AP214 - V9.0
! INFO-      
! INFO-     Start of Translation: 22-JUL-2014  11:46:29 AM
! INFO-      
! STATUS-   Converting Part: C:\Users\risknc\AppData\Local\Temp\risk07A84A933b2x.prt
! SUMMARY-   
! SUMMARY-  Summary of Unigraphics Part Entities
! SUMMARY-  For Part: C:\Users\risknc\AppData\Local\Temp\risk07A84A933b2x.prt 
! SUMMARY-  Entities Processed             Count
! SUMMARY-  ------------------             -----
! SUMMARY-  Part Attribute ..............:     1
! SUMMARY-  Font ........................:     2
! SUMMARY-  Color Table .................:     2
! SUMMARY-  Coordinate System ...........:     1
! SUMMARY-  Parameter ...................:     1
! SUMMARY-  Matrix ......................:     1
! SUMMARY-  Solid .......................:
! SUMMARY-     Body .....................:    13
! SUMMARY-                                 -----
! SUMMARY-  Total                             21
! STATUS-    
! STATUS-   Converting to Output Form (Phase 2 of 3): 22-JUL-2014 11:46:29 AM
! STATUS-    
! STATUS-    
! STATUS-   Generating UG geometry and placing them in parts
! STATUS-    
! SUMMARY-   
! SUMMARY-    STEP Header Information
! SUMMARY-   
! SUMMARY-  Description      Unknown
! SUMMARY-  Imp_Level        1
! SUMMARY-  File_Name        Adafruit neopixel ring.stp
! SUMMARY-  Date             2014-07-22T11:46:29-07:00
! SUMMARY-  Author           Unknown
! SUMMARY-  Organization     Unknown
! SUMMARY-  Pre_Version      ST-DEVELOPER v15
! SUMMARY-  Orig_System      SIEMENS PLM Software NX 9.0
! SUMMARY-  Authorization    Unknown
! SUMMARY-   
! SUMMARY-    Summary of STEP Entities
! SUMMARY-   
! SUMMARY-  Entity Type                                                   Count
! SUMMARY-  -----------                                                   ------
! SUMMARY-  advanced_brep_shape_representation .........................:      1
! SUMMARY-  advanced_face ..............................................:    784
! SUMMARY-  application_context ........................................:      1
! SUMMARY-  application_protocol_definition ............................:      1
! SUMMARY-  axis2_placement_3d .........................................:   1401
! SUMMARY-  b_spline_curve_with_knots ..................................:     36
! SUMMARY-  cartesian_point ............................................:   5150
! SUMMARY-  circle .....................................................:    616
! SUMMARY-  closed_shell ...............................................:     13
! SUMMARY-  conical_surface ............................................:     12
! SUMMARY-  conversion_based_unit_and_plane_angle_unit .................:      1
! SUMMARY-  cylindrical_surface ........................................:    194
! SUMMARY-  dimensional_exponents ......................................:      1
! SUMMARY-  direction ..................................................:   4470
! SUMMARY-  edge_curve .................................................:   2320
! SUMMARY-  edge_loop ..................................................:    862
! SUMMARY-  face_bound .................................................:    137
! SUMMARY-  face_outer_bound ...........................................:    725
! SUMMARY-  geometric_representation_context_and_global_uncertainty_a ..:      1
! SUMMARY-  length_unit_and_si_unit ....................................:      1
! SUMMARY-  line .......................................................:   1668
! SUMMARY-  manifold_solid_brep ........................................:     13
! SUMMARY-  oriented_edge ..............................................:   4640
! SUMMARY-  plane ......................................................:    578
! SUMMARY-  plane_angle_measure_with_unit ..............................:      1
! SUMMARY-  plane_angle_unit_and_si_unit ...............................:      1
! SUMMARY-  product ....................................................:      1
! SUMMARY-  product_context ............................................:      1
! SUMMARY-  product_definition .........................................:      1
! SUMMARY-  product_definition_context .................................:      1
! SUMMARY-  product_definition_formation_with_specified_source .........:      1
! SUMMARY-  product_definition_shape ...................................:      1
! SUMMARY-  product_related_product_category ...........................:      1
! SUMMARY-  property_definition ........................................:      2
! SUMMARY-  property_definition_representation .........................:      2
! SUMMARY-  representation .............................................:      2
! SUMMARY-  shape_definition_representation ............................:      1
! SUMMARY-  shape_representation .......................................:      1
! SUMMARY-  shape_representation_relationship ..........................:      1
! SUMMARY-  si_unit_and_solid_angle_unit ...............................:      1
! SUMMARY-  uncertainty_measure_with_unit ..............................:      1
! SUMMARY-  vector .....................................................:   1668
! SUMMARY-  vertex_point ...............................................:   1630
! SUMMARY-                                                               -------
! SUMMARY-  Total                                                          26944
! INFO-      
! INFO-     User interface/default file
! INFO-     Bspline aprx. value in effect for this translation : 2.540000e-002 mm
! INFO-      
! INFO-     Total number of solids input for this translation  :      13
! INFO-      
! INFO-     Number of solids processed without problems        :      13
! INFO-      
! INFO-     Number of solids with problems output as sheets    :       0
! INFO-      
! INFO-     Number of solids not processed                     :       0
! INFO-      
! INFO-     End of Translation: 22-JUL-2014  11:46:30 AM
! INFO-      
UG to IGES
! INFO-     Unigraphics NX V9.0 / IGES Specification 5.3
! INFO-      
! INFO-     Start of Translation: 22-JUL-2014  11:47:13 AM
! INFO-      
! STATUS-   Converting Part: C:\Users\risknc\Google Drive\Drive\Mechanical Design\Temporary CAD folder\Alpha\Dev\Envplug\Adafruit neopixel ring.prt
! SUMMARY-   
! SUMMARY-  Summary of Unigraphics Input Entities
! SUMMARY-  For Part: C:\Users\risknc\Google Drive\Drive\Mechanical Design\Temporary CAD folder\Alpha\Dev\Envplug\Adafruit neopixel ring.prt 
! SUMMARY-  Entities Processed             Count
! SUMMARY-  ------------------             -----
! SUMMARY-  Point .......................:     5
! SUMMARY-  Line ........................:   312
! SUMMARY-  Arc/Circle ..................:   160
! SUMMARY-  B-Curve .....................:   595
! SUMMARY-  Part Attribute ..............:     1
! SUMMARY-  Layer Category ..............:     6
! SUMMARY-  Font ........................:     1
! SUMMARY-  Color Table .................:     2
! SUMMARY-  Coordinate System ...........:     2
! SUMMARY-  Parameter ...................:     2
! SUMMARY-  Matrix ......................:     2
! SUMMARY-  Solid .......................:
! SUMMARY-     Face .....................:    88
! SUMMARY-  Trim Curve ..................:   113
! SUMMARY-                                 -----
! SUMMARY-  Total                           1289
! STATUS-    
! STATUS-   Converting to Output Form (Phase 2 of 3): 22-JUL-2014 11:47:13 AM
! STATUS-    
! STATUS-   Creating the IGES file (Phase 3 of 3): 22-JUL-2014  11:47:13 AM
! SUMMARY-   
! SUMMARY-  Summary of IGES Output Entities
! SUMMARY-   
! SUMMARY-  Entities Processed             Count
! SUMMARY-  ------------------             -----
! SUMMARY-  Point ........................     5
! SUMMARY-  Arc ..........................   160
! SUMMARY-  Line .........................   180
! SUMMARY-  BSpline Curve ................   463
! SUMMARY-  Composite Curve ..............   120
! SUMMARY-  Curve on Surface .............    80
! SUMMARY-  Trimmed Surface ..............    55
! SUMMARY-  BSpline Surface ..............    88
! SUMMARY-  Color ........................     4
! SUMMARY-  Name .........................    48
! SUMMARY-  Transformation ...............     4
! SUMMARY-  Definition Levels ............     5
! SUMMARY-  Level Function ...............     5
! SUMMARY-                                 -----
! SUMMARY-  Total                           1217
! INFO-      
! INFO-     End of Translation: 22-JUL-2014  11:47:14 AM
! INFO-      
